<?xml version="1.0" encoding="UTF-8"?>
<testsuite xmlns:xsi="http://www.w3.org/2001/XMLSchema-instance" xsi:noNamespaceSchemaLocation="https://maven.apache.org/surefire/maven-surefire-plugin/xsd/surefire-test-report.xsd" name="TestSuite" time="51.919" tests="5" errors="0" skipped="0" failures="0">
  <properties>
[...]
</properties>
  <testcase name="verifyManagerLogin" classname="com.xyzbank.qa.testcases.TC003_AddNewCustomerTest" time="3.777"/>
  <testcase name="createAccount" classname="com.xyzbank.qa.testcases.TC004_OpenNewAccountTest" time="3.67"/>
  <testcase name="verifySearch" classname="com.xyzbank.qa.testcases.TC005_SearchCustomerTest" time="3.034"/>
  <testcase name="homePageTest" classname="com.xyzbank.qa.testcases.TC001_HomepageTest" time="1.211"/>
  <testcase name="verifyLogin" classname="com.xyzbank.qa.testcases.TC002_LoginTest" time="3.823"/>
</testsuite>